[14:20:05] [Client thread/INFO]: Setting user: Player620
[14:20:06] [Client thread/INFO]: LWJGL Version: 2.9.1
[14:20:09] [Client thread/INFO]: Reloading ResourceManager: Default, FMLFileResourcePack:Forge Mod Loader, FMLFileResourcePack:Minecraft Forge, FMLFileResourcePack:Example Mod
[14:20:09] [Sound Library Loader/INFO]: Starting up SoundSystem...
[14:20:09] [Thread-9/INFO]: Initializing LWJGL OpenAL
[14:20:09] [Thread-9/INFO]: (The LWJGL binding of OpenAL.  For more information, see http://www.lwjgl.org)
[14:20:09] [Thread-9/INFO]: OpenAL initialized.
[14:20:09] [Sound Library Loader/INFO]: Sound engine started
[14:20:11] [Client thread/INFO]: Created: 16x16 textures-atlas
[14:20:12] [Client thread/INFO]: Reloading ResourceManager: Default, FMLFileResourcePack:Forge Mod Loader, FMLFileResourcePack:Minecraft Forge, FMLFileResourcePack:Example Mod
[14:20:12] [Client thread/INFO]: SoundSystem shutting down...
[14:20:12] [Client thread/WARN]: Author: Paul Lamb, www.paulscode.com
[14:20:12] [Sound Library Loader/INFO]: Starting up SoundSystem...
[14:20:12] [Thread-11/INFO]: Initializing LWJGL OpenAL
[14:20:12] [Thread-11/INFO]: (The LWJGL binding of OpenAL.  For more information, see http://www.lwjgl.org)
[14:20:12] [Thread-11/INFO]: OpenAL initialized.
[14:20:13] [Sound Library Loader/INFO]: Sound engine started
[14:20:14] [Client thread/INFO]: Created: 512x512 textures-atlas
[14:20:19] [Server thread/INFO]: Starting integrated minecraft server version 1.8
[14:20:19] [Server thread/INFO]: Generating keypair
[14:20:19] [Server thread/INFO]: Preparing start region for level 0
[14:20:20] [Server thread/INFO]: Changing view distance to 12, from 10
[14:20:21] [Server thread/INFO]: Player620[local:E:4420177c] logged in with entity id 260 at (5.5, 70.0, 245.5)
[14:20:21] [Server thread/INFO]: Player620 joined the game
[14:20:22] [Server thread/INFO]: Player620 has just earned the achievement [Taking Inventory]
[14:20:22] [Client thread/INFO]: [CHAT] Player620 has just earned the achievement [Taking Inventory]
[14:20:30] [Server thread/INFO]: Saving and pausing game...
[14:20:30] [Server thread/INFO]: Saving chunks for level 'Test'/Overworld
[14:20:30] [Server thread/INFO]: Saving chunks for level 'Test'/Nether
[14:20:30] [Server thread/INFO]: Saving chunks for level 'Test'/The End
