[08:25:19] [Client thread/INFO]: Setting user: Player13
[08:25:21] [Client thread/INFO]: LWJGL Version: 2.9.1
[08:25:24] [Client thread/INFO]: Reloading ResourceManager: Default, FMLFileResourcePack:Forge Mod Loader, FMLFileResourcePack:Minecraft Forge, FMLFileResourcePack:Example Mod
[08:25:24] [Sound Library Loader/INFO]: Starting up SoundSystem...
[08:25:25] [Thread-9/INFO]: Initializing LWJGL OpenAL
[08:25:25] [Thread-9/INFO]: (The LWJGL binding of OpenAL.  For more information, see http://www.lwjgl.org)
[08:25:25] [Thread-9/INFO]: OpenAL initialized.
[08:25:25] [Sound Library Loader/INFO]: Sound engine started
[08:25:27] [Client thread/INFO]: Created: 16x16 textures-atlas
[08:25:28] [Client thread/INFO]: Reloading ResourceManager: Default, FMLFileResourcePack:Forge Mod Loader, FMLFileResourcePack:Minecraft Forge, FMLFileResourcePack:Example Mod
[08:25:28] [Client thread/INFO]: SoundSystem shutting down...
[08:25:28] [Client thread/WARN]: Author: Paul Lamb, www.paulscode.com
[08:25:28] [Sound Library Loader/INFO]: Starting up SoundSystem...
[08:25:28] [Thread-11/INFO]: Initializing LWJGL OpenAL
[08:25:28] [Thread-11/INFO]: (The LWJGL binding of OpenAL.  For more information, see http://www.lwjgl.org)
[08:25:28] [Thread-11/INFO]: OpenAL initialized.
[08:25:29] [Sound Library Loader/INFO]: Sound engine started
[08:25:30] [Client thread/INFO]: Created: 512x512 textures-atlas
[08:25:35] [Server thread/INFO]: Starting integrated minecraft server version 1.8
[08:25:35] [Server thread/INFO]: Generating keypair
[08:25:35] [Server thread/INFO]: Preparing start region for level 0
[08:25:36] [Server thread/INFO]: Changing view distance to 12, from 10
[08:25:37] [Server thread/INFO]: Player13[local:E:6a81816f] logged in with entity id 174 at (5.106427833944637, 70.0, 245.69999998807907)
[08:25:37] [Server thread/INFO]: Player13 joined the game
[08:25:50] [Server thread/INFO]: [Player13: Given [item.Killer Sword.name] * 1 to Player13]
[08:25:50] [Client thread/INFO]: [CHAT] Given [item.Killer Sword.name] * 1 to Player13
[08:25:56] [Client thread/INFO]: Stopping!
[08:25:56] [Client thread/INFO]: SoundSystem shutting down...
[08:25:56] [Server thread/INFO]: Stopping server
[08:25:56] [Server thread/INFO]: Saving players
[08:25:56] [Server thread/INFO]: Saving worlds
[08:25:56] [Server thread/INFO]: Saving chunks for level 'Test'/Overworld
[08:25:56] [Client thread/WARN]: Author: Paul Lamb, www.paulscode.com
